<?xml version="1.0" encoding="UTF-8"?>
<!-- Generated by org.testng.reporters.JUnitXMLReporter -->
<testsuite ignored="0" hostname="DESKTOP-VOQ2BUF" failures="0" tests="6" name="Test_jan7" time="340.075" errors="0" timestamp="2022-01-08T12:14:47 IST">
  <testcase classname="Jan_7.Testcases2" name="doubleClick" time="23.176"/>
  <testcase classname="Jan_7.Testcases2" name="onMouse" time="17.228"/>
  <testcase classname="Jan_7.Testcases2" name="search" time="12.846"/>
  <testcase classname="Jan_7.Testcase1" name="doubleClick" time="26.884"/>
  <testcase classname="Jan_7.Testcase1" name="onMouse" time="7.539"/>
  <testcase classname="Jan_7.Testcase1" name="search" time="8.355"/>
</testsuite> <!-- Test_jan7 -->
